<?xml version="1.0" encoding="UTF-8"?>
<!-- Generated by org.testng.reporters.JUnitXMLReporter -->
<testsuite hostname="LAPTOP-SRPMELPF" ignored="0" name="Test" tests="1" failures="1" timestamp="2022-10-18T09:54:04 IST" time="65.989" errors="0">
  <testcase name="navigate" time="62.542" classname="TestNG.AutomateECommerce.NewTest">
    <failure type="java.lang.AssertionError" message="The following asserts failed:
	exceeded load time expected [62517] but found [30000]">
      <![CDATA[java.lang.AssertionError: The following asserts failed:
exceeded load time expected [62517] but found [30000]
at TestNG.AutomateECommerce.NewTest.navigate(NewTest.java:64)
at java.util.ArrayList.forEach(ArrayList.java:1257)
... Removed 29 stack frames]]>
    </failure>
  </testcase> <!-- navigate -->
</testsuite> <!-- Test -->
